[     530ms] [WARNING] <meta name="apple-mobile-web-app-capable" content="yes"> is deprecated. Please include <meta name="mobile-web-app-capable" content="yes"> @ http://localhost:8000/:0
[     571ms] [INFO] Banner not shown: beforeinstallpromptevent.preventDefault() called. The page must call beforeinstallpromptevent.prompt() to show the banner. @ http://localhost:8000/:0
[   18847ms] [LOG] WebSocket connected @ http://localhost:8000/app.js?v=5:179
[   19696ms] [LOG] Live session ready @ http://localhost:8000/app.js?v=5:183
[   19696ms] [LOG] Live session ready @ http://localhost:8000/app.js?v=5:183
[   31524ms] [LOG] Session resumption update: {newHandle: 4b2008b0-4907-4b78-9683-1cf440874881, resumable: true} @ http://localhost:8000/geminilive.js?v=5:264
[   33843ms] [LOG] Session resumption update: {newHandle: f746a8e4-b545-4403-a771-424f2ee1681c, resumable: true} @ http://localhost:8000/geminilive.js?v=5:264
[   40588ms] [LOG] Session resumption update: {newHandle: 073561fa-a12c-4e55-ba27-670b9932726f, resumable: true} @ http://localhost:8000/geminilive.js?v=5:264
[   42298ms] [LOG] Session resumption update: {newHandle: f91f4cb9-85fb-4017-b75a-89efb3a1d60b, resumable: true} @ http://localhost:8000/geminilive.js?v=5:264
[   43742ms] [LOG] Session resumption update: {newHandle: 476e52d3-f3fa-4303-ad7f-d3ea3203d2fc, resumable: true} @ http://localhost:8000/geminilive.js?v=5:264
[   45295ms] [LOG] Session resumption update: {newHandle: 7b371efc-af78-46a2-a4d0-574d43ddd038, resumable: true} @ http://localhost:8000/geminilive.js?v=5:264
[   46863ms] [LOG] Session resumption update: {newHandle: 8f018050-1fb3-4f65-9e8b-a2c47ec5fe5f, resumable: true} @ http://localhost:8000/geminilive.js?v=5:264
[   48511ms] [LOG] Session resumption update: {newHandle: 008a693d-f124-48ae-9297-e2f58b773618, resumable: true} @ http://localhost:8000/geminilive.js?v=5:264
[   50227ms] [LOG] Session resumption update: {newHandle: d06789c1-3b10-4313-ac98-18e90ea7a5f6, resumable: true} @ http://localhost:8000/geminilive.js?v=5:264
[   51999ms] [LOG] Session resumption update: {newHandle: 5cdf6bac-f3ed-4609-a862-422edc730024, resumable: true} @ http://localhost:8000/geminilive.js?v=5:264
[   53690ms] [LOG] Session resumption update: {newHandle: 3a24e57d-541f-4bf9-a052-b118ece0211d, resumable: true} @ http://localhost:8000/geminilive.js?v=5:264
[   55135ms] [LOG] Session resumption update: {newHandle: a746704f-ab41-4472-96fe-cc896db0b358, resumable: true} @ http://localhost:8000/geminilive.js?v=5:264
[   56675ms] [LOG] Session resumption update: {newHandle: b4174009-7361-42aa-92d4-81e0ca208227, resumable: true} @ http://localhost:8000/geminilive.js?v=5:264
[   58094ms] [LOG] Session resumption update: {newHandle: 4c6fd0e9-ff0d-469a-bcac-34ae7c1179b6, resumable: true} @ http://localhost:8000/geminilive.js?v=5:264
[   59945ms] [LOG] Session resumption update: {newHandle: 41ffcace-3b4d-409a-abe4-a9c2bc4a95e4, resumable: true} @ http://localhost:8000/geminilive.js?v=5:264
[   61682ms] [LOG] Session resumption update: {newHandle: 766bfe55-da43-47ef-bfa3-c8cb69049e5b, resumable: true} @ http://localhost:8000/geminilive.js?v=5:264
[   63115ms] [LOG] Session resumption update: {newHandle: 6660d3e6-d8d7-45c5-a770-5717997ae2cc, resumable: true} @ http://localhost:8000/geminilive.js?v=5:264
[   64704ms] [LOG] Session resumption update: {newHandle: 67c75bd6-680d-4892-8310-a3cd2d1c7c4b, resumable: true} @ http://localhost:8000/geminilive.js?v=5:264
[   66261ms] [LOG] Session resumption update: {newHandle: 59cb38bf-55de-4661-8b9a-a3055000b47b, resumable: true} @ http://localhost:8000/geminilive.js?v=5:264
[  155755ms] [LOG] Session resumption update: {newHandle: c0623917-71af-45e2-a27a-3f4aca5afac5, resumable: true} @ http://localhost:8000/geminilive.js?v=5:264
[  158007ms] [LOG] Session resumption update: {newHandle: 5180db7d-25c8-4313-b84c-09ede6932c91, resumable: true} @ http://localhost:8000/geminilive.js?v=5:264
[  160908ms] [LOG] Session resumption update: {newHandle: 0562fbbb-5152-4666-87c9-4196c7fa205f, resumable: true} @ http://localhost:8000/geminilive.js?v=5:264
[  163596ms] [LOG] Session resumption update: {newHandle: 919fad12-e36d-44bb-a442-3079dcfe5b08, resumable: true} @ http://localhost:8000/geminilive.js?v=5:264
[  165992ms] [LOG] Session resumption update: {newHandle: 2e391122-f81a-4047-a901-6b61c90337b1, resumable: true} @ http://localhost:8000/geminilive.js?v=5:264
[  172396ms] [LOG] Session resumption update: {newHandle: 0ee14df4-f463-4459-a7ea-2290a8484239, resumable: true} @ http://localhost:8000/geminilive.js?v=5:264
[  174920ms] [LOG] Session resumption update: {newHandle: 85492100-bb77-4993-a6f1-c4d1459cbe58, resumable: true} @ http://localhost:8000/geminilive.js?v=5:264
[  178956ms] [LOG] Session resumption update: {newHandle: 46f36392-165f-4311-b135-e4ee405caa70, resumable: true} @ http://localhost:8000/geminilive.js?v=5:264
[  182004ms] [LOG] Session resumption update: {newHandle: f892708b-7f39-48b1-9281-bb8c2e158dc9, resumable: true} @ http://localhost:8000/geminilive.js?v=5:264
[  183917ms] [LOG] Session resumption update: {newHandle: 4126631b-524d-4488-bc71-0f14859b9905, resumable: true} @ http://localhost:8000/geminilive.js?v=5:264
[  186637ms] [LOG] Session resumption update: {newHandle: 0d088074-1b26-4a64-946f-35fea7028298, resumable: true} @ http://localhost:8000/geminilive.js?v=5:264
[  189518ms] [LOG] Session resumption update: {newHandle: 005aa186-9b3a-4b3b-b5ef-ac8de00dac5d, resumable: true} @ http://localhost:8000/geminilive.js?v=5:264
[  192095ms] [LOG] Session resumption update: {newHandle: 94d0a201-abfb-4f5e-b8bb-f96453bf4119, resumable: true} @ http://localhost:8000/geminilive.js?v=5:264
[  197843ms] [LOG] Session resumption update: {newHandle: 89128f48-1519-4433-8c95-42a8dbccc971, resumable: true} @ http://localhost:8000/geminilive.js?v=5:264
[  296241ms] [LOG] Disconnected: 1008 The operation was aborted. @ http://localhost:8000/app.js?v=5:212
